Построение начато 07.11.2018 10:57:59.
     1>Проект "D:\gr_kursach\Graph_pyramids\Graph_pyramids\Graph_pyramids\Graph_pyramids.vcxproj" в узле 2 (целевые объекты build).
     1>InitializeBuildStatus:
         Создание "Debug\Graph_pyramids.unsuccessfulbuild", так как было задано "AlwaysCreate".
       ClCompile:
         C:\Program Files (x86)\Microsoft Visual Studio 10.0\VC\bin\CL.exe /c /ZI /nologo /W3 /WX- /Od /Oy- /D WIN32 /D _DEBUG /D _CONSOLE /D _UNICODE /D UNICODE /Gm /EHsc /RTC1 /MDd /GS /fp:precise /Zc:wchar_t /Zc:forScope /Fo"Debug\\" /Fd"Debug\vc100.pdb" /Gd /TP /analyze- /errorReport:prompt Figure.cpp
         Figure.cpp
     1>d:\gr_kursach\graph_pyramids\graph_pyramids\graph_pyramids\stdafx.h(26): warning C4305: инициализация: усечение из "double" к "const float"
     1>d:\gr_kursach\graph_pyramids\graph_pyramids\graph_pyramids\figure.cpp(22): warning C4244: инициализация: преобразование "double" в "const int", возможна потеря данных
     1>d:\gr_kursach\graph_pyramids\graph_pyramids\graph_pyramids\figure.cpp(23): warning C4244: инициализация: преобразование "double" в "const int", возможна потеря данных
     1>d:\gr_kursach\graph_pyramids\graph_pyramids\graph_pyramids\figure.cpp(52): warning C4244: инициализация: преобразование "double" в "const int", возможна потеря данных
     1>d:\gr_kursach\graph_pyramids\graph_pyramids\graph_pyramids\figure.cpp(53): warning C4244: инициализация: преобразование "double" в "const int", возможна потеря данных
     1>d:\gr_kursach\graph_pyramids\graph_pyramids\graph_pyramids\figure.cpp(155): warning C4244: инициализация: преобразование "double" в "const int", возможна потеря данных
     1>d:\gr_kursach\graph_pyramids\graph_pyramids\graph_pyramids\figure.cpp(156): warning C4244: инициализация: преобразование "double" в "const int", возможна потеря данных
     1>d:\gr_kursach\graph_pyramids\graph_pyramids\graph_pyramids\figure.cpp(162): warning C4244: аргумент: преобразование "double" в "int", возможна потеря данных
     1>d:\gr_kursach\graph_pyramids\graph_pyramids\graph_pyramids\figure.cpp(162): warning C4244: аргумент: преобразование "double" в "int", возможна потеря данных
     1>d:\gr_kursach\graph_pyramids\graph_pyramids\graph_pyramids\figure.cpp(166): warning C4244: аргумент: преобразование "double" в "int", возможна потеря данных
     1>d:\gr_kursach\graph_pyramids\graph_pyramids\graph_pyramids\figure.cpp(166): warning C4244: аргумент: преобразование "double" в "int", возможна потеря данных
     1>d:\gr_kursach\graph_pyramids\graph_pyramids\graph_pyramids\figure.cpp(193): warning C4244: =: преобразование "double" в "int", возможна потеря данных
     1>d:\gr_kursach\graph_pyramids\graph_pyramids\graph_pyramids\figure.cpp(202): warning C4244: =: преобразование "double" в "int", возможна потеря данных
     1>d:\gr_kursach\graph_pyramids\graph_pyramids\graph_pyramids\figure.cpp(203): warning C4244: =: преобразование "double" в "int", возможна потеря данных
     1>d:\gr_kursach\graph_pyramids\graph_pyramids\graph_pyramids\figure.cpp(204): warning C4244: =: преобразование "double" в "int", возможна потеря данных
     1>d:\gr_kursach\graph_pyramids\graph_pyramids\graph_pyramids\figure.cpp(224): warning C4244: =: преобразование "double" в "int", возможна потеря данных
     1>d:\gr_kursach\graph_pyramids\graph_pyramids\graph_pyramids\figure.cpp(225): warning C4244: =: преобразование "double" в "int", возможна потеря данных
     1>d:\gr_kursach\graph_pyramids\graph_pyramids\graph_pyramids\figure.cpp(226): warning C4244: =: преобразование "double" в "int", возможна потеря данных
     1>d:\gr_kursach\graph_pyramids\graph_pyramids\graph_pyramids\figure.cpp(246): warning C4244: =: преобразование "double" в "int", возможна потеря данных
     1>d:\gr_kursach\graph_pyramids\graph_pyramids\graph_pyramids\figure.cpp(247): warning C4244: =: преобразование "double" в "int", возможна потеря данных
     1>d:\gr_kursach\graph_pyramids\graph_pyramids\graph_pyramids\figure.cpp(248): warning C4244: =: преобразование "double" в "int", возможна потеря данных
     1>d:\gr_kursach\graph_pyramids\graph_pyramids\graph_pyramids\figure.cpp(268): warning C4244: =: преобразование "double" в "int", возможна потеря данных
     1>d:\gr_kursach\graph_pyramids\graph_pyramids\graph_pyramids\figure.cpp(269): warning C4244: =: преобразование "double" в "int", возможна потеря данных
     1>d:\gr_kursach\graph_pyramids\graph_pyramids\graph_pyramids\figure.cpp(270): warning C4244: =: преобразование "double" в "int", возможна потеря данных
     1>d:\gr_kursach\graph_pyramids\graph_pyramids\graph_pyramids\figure.cpp(291): warning C4244: =: преобразование "double" в "int", возможна потеря данных
     1>d:\gr_kursach\graph_pyramids\graph_pyramids\graph_pyramids\figure.cpp(292): warning C4244: =: преобразование "double" в "int", возможна потеря данных
     1>d:\gr_kursach\graph_pyramids\graph_pyramids\graph_pyramids\figure.cpp(301): warning C4244: =: преобразование "double" в "int", возможна потеря данных
     1>d:\gr_kursach\graph_pyramids\graph_pyramids\graph_pyramids\figure.cpp(302): warning C4244: =: преобразование "double" в "int", возможна потеря данных
     1>d:\gr_kursach\graph_pyramids\graph_pyramids\graph_pyramids\figure.cpp(303): warning C4244: =: преобразование "double" в "int", возможна потеря данных
     1>d:\gr_kursach\graph_pyramids\graph_pyramids\graph_pyramids\figure.cpp(323): warning C4244: =: преобразование "double" в "int", возможна потеря данных
     1>d:\gr_kursach\graph_pyramids\graph_pyramids\graph_pyramids\figure.cpp(324): warning C4244: =: преобразование "double" в "int", возможна потеря данных
     1>d:\gr_kursach\graph_pyramids\graph_pyramids\graph_pyramids\figure.cpp(325): warning C4244: =: преобразование "double" в "int", возможна потеря данных
     1>d:\gr_kursach\graph_pyramids\graph_pyramids\graph_pyramids\figure.cpp(345): warning C4244: =: преобразование "double" в "int", возможна потеря данных
     1>d:\gr_kursach\graph_pyramids\graph_pyramids\graph_pyramids\figure.cpp(346): warning C4244: =: преобразование "double" в "int", возможна потеря данных
     1>d:\gr_kursach\graph_pyramids\graph_pyramids\graph_pyramids\figure.cpp(347): warning C4244: =: преобразование "double" в "int", возможна потеря данных
     1>d:\gr_kursach\graph_pyramids\graph_pyramids\graph_pyramids\figure.cpp(368): warning C4244: =: преобразование "double" в "int", возможна потеря данных
     1>d:\gr_kursach\graph_pyramids\graph_pyramids\graph_pyramids\figure.cpp(369): warning C4244: =: преобразование "double" в "int", возможна потеря данных
     1>d:\gr_kursach\graph_pyramids\graph_pyramids\graph_pyramids\figure.cpp(370): warning C4244: =: преобразование "double" в "int", возможна потеря данных
     1>d:\gr_kursach\graph_pyramids\graph_pyramids\graph_pyramids\figure.cpp(390): warning C4244: =: преобразование "double" в "int", возможна потеря данных
     1>d:\gr_kursach\graph_pyramids\graph_pyramids\graph_pyramids\figure.cpp(391): warning C4244: =: преобразование "double" в "int", возможна потеря данных
     1>d:\gr_kursach\graph_pyramids\graph_pyramids\graph_pyramids\figure.cpp(392): warning C4244: =: преобразование "double" в "int", возможна потеря данных
     1>d:\gr_kursach\graph_pyramids\graph_pyramids\graph_pyramids\figure.cpp(393): warning C4244: =: преобразование "double" в "int", возможна потеря данных
     1>d:\gr_kursach\graph_pyramids\graph_pyramids\graph_pyramids\figure.cpp(451): warning C4244: +=: преобразование "double" в "int", возможна потеря данных
     1>d:\gr_kursach\graph_pyramids\graph_pyramids\graph_pyramids\figure.cpp(452): warning C4244: +=: преобразование "double" в "int", возможна потеря данных
     1>d:\gr_kursach\graph_pyramids\graph_pyramids\graph_pyramids\figure.cpp(453): warning C4244: +=: преобразование "double" в "int", возможна потеря данных
       ManifestResourceCompile:
         Для всех выходных данных обновления не требуется.
       Link:
         C:\Program Files (x86)\Microsoft Visual Studio 10.0\VC\bin\link.exe /ERRORREPORT:PROMPT /OUT:"D:\gr_kursach\Graph_pyramids\Graph_pyramids\Debug\Graph_pyramids.exe" /INCREMENTAL /NOLOGO kernel32.lib user32.lib gdi32.lib winspool.lib comdlg32.lib advapi32.lib shell32.lib ole32.lib oleaut32.lib uuid.lib odbc32.lib odbccp32.lib /MANIFEST /ManifestFile:"Debug\Graph_pyramids.exe.intermediate.manifest" /MANIFESTUAC:"level='asInvoker' uiAccess='false'" /DEBUG /PDB:"D:\gr_kursach\Graph_pyramids\Graph_pyramids\Debug\Graph_pyramids.pdb" /SUBSYSTEM:CONSOLE /TLBID:1 /DYNAMICBASE /NXCOMPAT /IMPLIB:"D:\gr_kursach\Graph_pyramids\Graph_pyramids\Debug\Graph_pyramids.lib" /MACHINE:X86 Debug\Graph_pyramids.exe.embed.manifest.res
         Debug\Figure.obj
         Debug\Graph_pyramids.obj
         Debug\Matrix.obj
         Debug\stdafx.obj
       Manifest:
         C:\Program Files (x86)\Microsoft SDKs\Windows\v7.0A\bin\mt.exe /nologo /verbose /out:"Debug\Graph_pyramids.exe.embed.manifest" /manifest Debug\Graph_pyramids.exe.intermediate.manifest
         Для всех выходных данных обновления не требуется.
       LinkEmbedManifest:
         Для всех выходных данных обновления не требуется.
         Graph_pyramids.vcxproj -> D:\gr_kursach\Graph_pyramids\Graph_pyramids\Debug\Graph_pyramids.exe
       FinalizeBuildStatus:
         Файл "Debug\Graph_pyramids.unsuccessfulbuild" удаляется.
         Обращение к "Debug\Graph_pyramids.lastbuildstate".
     1>Построение проекта "D:\gr_kursach\Graph_pyramids\Graph_pyramids\Graph_pyramids\Graph_pyramids.vcxproj" завершено (целевые объекты build).

Построение успешно завершено.

Затраченное время: 00:00:23.82
